error: Error en Usuarios: El email a@b.com ya existe
error: Error en Usuarios: El email a@b.com ya existe
error: Error en Usuarios: El email a@b.com ya existe
error: Error en Usuarios: El email a@b.com ya existe
error: Error en Usuarios: El email a@b.com ya existe
error: Error en Usuarios: El email a@b.com ya existe
error: Error en Usuarios: El email a@b.com ya existe
error: Error en Usuarios: El email a@b.com ya existe
error: Error en Usuarios: El email a@b.com ya existe
error: Error en Usuarios: El email a@b.com ya existe
error: Error en Usuarios: El email a@b.com ya existe
error: Error en Usuarios: El email a@b.com ya existe
error: Error en Usuarios: El email a@b.com ya existe
error: Error en Usuarios: El email a@b.com ya existe
error: Error en Usuarios: El email a@b.com ya existe
error: Error en Usuarios: El email a@b.com ya existe
error: Error en Usuarios: El email a@b.com ya existe
error: Error en Usuarios: El email a@b.com ya existe
error: Error en Usuarios: El email a@b.com ya existe
error: Error en Usuarios: El email a@b.com ya existe
error: Error en Usuarios: El email a@b.com ya existe
error: Error en Usuarios: El email a@b.com ya existe
error: Error en Usuarios: El email a@b.com ya existe
error: Error en Usuarios: El email a@b.com ya existe
error: Error en Usuarios: El email a@b.com ya existe
error: Error en Usuarios: El email a@b.com ya existe
error: Error en Productos: error de permisos premium
error: Error en Productos: error de permisos premium
error: Error en Productos: error de permisos premium
error: Error en Usuarios: El email a@b.com ya existe
error: Error en Usuarios: El email a@b.com ya existe
error: Error en Usuarios: Campo incompleto
error: Error en Usuarios: El email a@b.com ya existe
error: Error en Usuarios: Campo incompleto
error: Error en Usuarios: El email a@b.com ya existe
error: Error en Usuarios: Campo incompleto
error: Error en Usuarios: El email a@b.com ya existe
error: Error en Usuarios: Campo incompleto
error: Error en Usuarios: El email a@b.com ya existe
error: Error en Usuarios: Campo incompleto
error: Error en Usuarios: El email a@b.com ya existe
error: Error en Usuarios: Campo incompleto
error: Error en Usuarios: El email a@b.com ya existe
error: Error en Usuarios: Campo incompleto
error: Error en Usuarios: El email a@b.com ya existe
error: Error en Usuarios: Campo incompleto
error: Error en Usuarios: El email a@b.com ya existe
error: Error en Usuarios: Campo incompleto
error: Error en Usuarios: El email a@b.com ya existe
error: Error en Usuarios: Campo incompleto
error: Error en Usuarios: El email a@b.com ya existe
error: Error en Usuarios: Campo incompleto
error: Error en Usuarios: El email a@b.com ya existe
error: Error en Usuarios: Campo incompleto
error: Error en Usuarios: El email a@b.com ya existe
error: Error en Usuarios: Campo incompleto
error: Error en Usuarios: El email a@b.com ya existe
error: Error en Usuarios: El email a@b.com ya existe
error: Error en Usuarios: El email a@b.com ya existe
warn: Error inesperado en Usuarios: Operation `users.findOne()` buffering timed out after 10000ms
error: Error en Usuarios: El email a@b.com ya existe
warn: Error inesperado en Usuarios: Operation `users.findOne()` buffering timed out after 10000ms
error: Error en Usuarios: El email a@b.com ya existe
error: Error en Usuarios: El email a@b.com ya existe
error: Error en Usuarios: El email a@b.com ya existe
error: Error en Usuarios: El email a@b.com ya existe
error: Error en Usuarios: El email a@b.com ya existe
error: Error en Usuarios: Campo incompleto
error: Error en Usuarios: El email a@b.com ya existe
error: Error en Usuarios: Campo incompleto
error: Error en Usuarios: El email a@b.com ya existe
error: Error en Usuarios: Campo incompleto
error: Error en Usuarios: El email a@b.com ya existe
error: Error en Usuarios: Campo incompleto
error: Error en Usuarios: El email a@b.com ya existe
error: Error en Usuarios: Campo incompleto
error: Error en Usuarios: El email a@b.com ya existe
error: Error en Usuarios: El email a@b.com ya existe
error: Error en Usuarios: El email a@b.com ya existe
error: Error en Usuarios: El email a@b.com ya existe
error: Error en Usuarios: Email no encontrado
error: Error en Usuarios: El email a@b.com ya existe
error: Error en Usuarios: El email a@b.com ya existe
error: Error en Usuarios: El email a@b.com ya existe
error: Error en Usuarios: Campo incompleto
error: Error en Usuarios: El email a@b.com ya existe
error: Error en Usuarios: El email a@b.com ya existe
error: Error en Usuarios: Campo incompleto
error: Error en Usuarios: El email a@b.com ya existe
error: Error en Usuarios: El email a@b.com ya existe
error: Error en Usuarios: Campo incompleto
error: Error en Usuarios: El email a@b.com ya existe
error: Error en Usuarios: El email a@b.com ya existe
error: Error en Usuarios: Campo incompleto
error: Error en Usuarios: El email a@b.com ya existe
error: Error en Usuarios: El email a@b.com ya existe
error: Error en Usuarios: Campo incompleto
error: Error en Usuarios: El email a@b.com ya existe
error: Error en Usuarios: El email a@b.com ya existe
error: Error en Usuarios: Campo incompleto
error: Error en Usuarios: El email a@b.com ya existe
error: Error en Usuarios: El email a@b.com ya existe
error: Error en Usuarios: Campo incompleto
error: Error en Usuarios: El email a@b.com ya existe
error: Error en Usuarios: El email a@b.com ya existe
error: Error en Usuarios: Campo incompleto
error: Error en Usuarios: Email no encontrado
error: Error en Usuarios: El email a@b.com ya existe
error: Error en Usuarios: El email a@b.com ya existe
error: Error en Usuarios: Campos incompletos
error: Error en Usuarios: El email a@b.com ya existe
error: Error en Usuarios: El email a@b.com ya existe
error: Error en Usuarios: El email a@b.com ya existe
error: Error en Usuarios: El email a@b.com ya existe
error: Error en Usuarios: El email a@b.com ya existe
error: Error en Usuarios: El email a@b.com ya existe
error: Error en Usuarios: El email a@b.com ya existe
error: Error en Usuarios: El email a@b.com ya existe
